Base path: C:/Program Files/Unity/Editor/Data
Pipe name: \\.\pipe\UnityShaderCompiler-32bit-2-6088
Cmd: getPlatforms
Cmd: compileSnippet
  api=1 type=0 insize=1482 outsize=169 kw=SOFTPARTICLES_OFF ok=1
Cmd: compileSnippet
  api=8 type=0 insize=1482 outsize=1828 kw=SOFTPARTICLES_OFF ok=1
Cmd: compileSnippet
  api=1 type=0 insize=1482 outsize=335 kw=SOFTPARTICLES_ON ok=1
Cmd: compileSnippet
  api=4 type=0 insize=1482 outsize=2038 kw=SOFTPARTICLES_ON ok=1
Cmd: compileSnippet
  api=1 type=1 insize=1482 outsize=147 kw=SOFTPARTICLES_OFF ok=1
Cmd: compileSnippet
  api=0 type=1 insize=1482 outsize=6 kw=SOFTPARTICLES_ON ok=1
Cmd: compileSnippet
  api=1 type=1 insize=1482 outsize=316 kw=SOFTPARTICLES_ON ok=1
Cmd: compileSnippet
  api=8 type=1 insize=1482 outsize=2454 kw=SOFTPARTICLES_ON ok=1
Cmd: compileSnippet
  api=1 type=0 insize=14306 outsize=610 kw=DIRECTIONAL SHADOWS_OFF LIGHTMAP_OFF DIRLIGHTMAP_OFF DYNAMICLIGHTMAP_OFF ok=1
Cmd: compileSnippet
  api=8 type=0 insize=14306 outsize=5452 kw=DIRECTIONAL SHADOWS_OFF LIGHTMAP_OFF DIRLIGHTMAP_OFF DYNAMICLIGHTMAP_OFF ok=1
Cmd: compileSnippet
  api=0 type=0 insize=14306 outsize=2876 kw=DIRECTIONAL SHADOWS_SCREEN LIGHTMAP_OFF DIRLIGHTMAP_OFF DYNAMICLIGHTMAP_OFF ok=1
Cmd: compileSnippet
  api=0 type=0 insize=14306 outsize=3641 kw=DIRECTIONAL SHADOWS_OFF LIGHTMAP_OFF DIRLIGHTMAP_OFF DYNAMICLIGHTMAP_OFF VERTEXLIGHT_ON ok=1
Cmd: compileSnippet
  api=4 type=0 insize=14306 outsize=5279 kw=DIRECTIONAL SHADOWS_OFF LIGHTMAP_OFF DIRLIGHTMAP_OFF DYNAMICLIGHTMAP_OFF VERTEXLIGHT_ON ok=1
Cmd: compileSnippet
  api=0 type=0 insize=14306 outsize=4117 kw=DIRECTIONAL SHADOWS_SCREEN LIGHTMAP_OFF DIRLIGHTMAP_OFF DYNAMICLIGHTMAP_OFF VERTEXLIGHT_ON ok=1
Cmd: compileSnippet
  api=1 type=0 insize=14306 outsize=1245 kw=DIRECTIONAL SHADOWS_SCREEN LIGHTMAP_OFF DIRLIGHTMAP_OFF DYNAMICLIGHTMAP_OFF VERTEXLIGHT_ON ok=1
Cmd: compileSnippet
  api=8 type=0 insize=14306 outsize=6508 kw=DIRECTIONAL SHADOWS_SCREEN SHADOWS_NATIVE LIGHTMAP_OFF DIRLIGHTMAP_OFF DYNAMICLIGHTMAP_OFF ok=1
Cmd: compileSnippet
  api=0 type=0 insize=14306 outsize=2646 kw=DIRECTIONAL SHADOWS_OFF LIGHTMAP_OFF DIRLIGHTMAP_OFF DYNAMICLIGHTMAP_OFF PIXELSNAP_ON ok=1
Cmd: compileSnippet
  api=1 type=0 insize=14306 outsize=849 kw=DIRECTIONAL SHADOWS_OFF LIGHTMAP_OFF DIRLIGHTMAP_OFF DYNAMICLIGHTMAP_OFF PIXELSNAP_ON ok=1
Cmd: compileSnippet
  api=4 type=0 insize=14306 outsize=4215 kw=DIRECTIONAL SHADOWS_OFF LIGHTMAP_OFF DIRLIGHTMAP_OFF DYNAMICLIGHTMAP_OFF PIXELSNAP_ON ok=1
Cmd: compileSnippet
  api=0 type=0 insize=14306 outsize=3122 kw=DIRECTIONAL SHADOWS_SCREEN LIGHTMAP_OFF DIRLIGHTMAP_OFF DYNAMICLIGHTMAP_OFF PIXELSNAP_ON ok=1
Cmd: compileSnippet
  api=4 type=0 insize=14306 outsize=4629 kw=DIRECTIONAL SHADOWS_SCREEN LIGHTMAP_OFF DIRLIGHTMAP_OFF DYNAMICLIGHTMAP_OFF PIXELSNAP_ON ok=1
Cmd: compileSnippet
  api=1 type=0 insize=14306 outsize=1351 kw=DIRECTIONAL SHADOWS_OFF LIGHTMAP_OFF DIRLIGHTMAP_OFF DYNAMICLIGHTMAP_OFF VERTEXLIGHT_ON PIXELSNAP_ON ok=1
Cmd: compileSnippet
  api=4 type=0 insize=14306 outsize=5669 kw=DIRECTIONAL SHADOWS_OFF LIGHTMAP_OFF DIRLIGHTMAP_OFF DYNAMICLIGHTMAP_OFF VERTEXLIGHT_ON PIXELSNAP_ON ok=1
Cmd: compileSnippet
  api=0 type=0 insize=14306 outsize=4363 kw=DIRECTIONAL SHADOWS_SCREEN LIGHTMAP_OFF DIRLIGHTMAP_OFF DYNAMICLIGHTMAP_OFF VERTEXLIGHT_ON PIXELSNAP_ON ok=1
Cmd: compileSnippet
  api=1 type=0 insize=14306 outsize=1477 kw=DIRECTIONAL SHADOWS_SCREEN LIGHTMAP_OFF DIRLIGHTMAP_OFF DYNAMICLIGHTMAP_OFF VERTEXLIGHT_ON PIXELSNAP_ON ok=1
Cmd: compileSnippet
  api=8 type=0 insize=14306 outsize=7248 kw=DIRECTIONAL SHADOWS_SCREEN SHADOWS_NATIVE LIGHTMAP_OFF DIRLIGHTMAP_OFF DYNAMICLIGHTMAP_OFF PIXELSNAP_ON ok=1
Cmd: compileSnippet
  api=1 type=1 insize=14306 outsize=275 kw=DIRECTIONAL SHADOWS_OFF LIGHTMAP_OFF DIRLIGHTMAP_OFF DYNAMICLIGHTMAP_OFF ok=1
Cmd: compileSnippet
  api=0 type=1 insize=14306 outsize=6 kw=DIRECTIONAL SHADOWS_SCREEN LIGHTMAP_OFF DIRLIGHTMAP_OFF DYNAMICLIGHTMAP_OFF ok=1
Cmd: compileSnippet
  api=1 type=1 insize=14306 outsize=340 kw=DIRECTIONAL SHADOWS_SCREEN LIGHTMAP_OFF DIRLIGHTMAP_OFF DYNAMICLIGHTMAP_OFF ok=1
Cmd: compileSnippet
  api=4 type=1 insize=14306 outsize=1753 kw=DIRECTIONAL SHADOWS_SCREEN LIGHTMAP_OFF DIRLIGHTMAP_OFF DYNAMICLIGHTMAP_OFF ok=1
Cmd: compileSnippet
  api=0 type=1 insize=14306 outsize=6 kw=DIRECTIONAL SHADOWS_OFF LIGHTMAP_OFF DIRLIGHTMAP_OFF DYNAMICLIGHTMAP_OFF PIXELSNAP_ON ok=1
Cmd: compileSnippet
  api=1 type=1 insize=14306 outsize=275 kw=DIRECTIONAL SHADOWS_OFF LIGHTMAP_OFF DIRLIGHTMAP_OFF DYNAMICLIGHTMAP_OFF PIXELSNAP_ON ok=1
Cmd: compileSnippet
  api=4 type=1 insize=14306 outsize=1436 kw=DIRECTIONAL SHADOWS_OFF LIGHTMAP_OFF DIRLIGHTMAP_OFF DYNAMICLIGHTMAP_OFF PIXELSNAP_ON ok=1
Cmd: compileSnippet
  api=0 type=1 insize=14306 outsize=6 kw=DIRECTIONAL SHADOWS_SCREEN LIGHTMAP_OFF DIRLIGHTMAP_OFF DYNAMICLIGHTMAP_OFF PIXELSNAP_ON ok=1
Cmd: compileSnippet
  api=1 type=1 insize=14306 outsize=340 kw=DIRECTIONAL SHADOWS_SCREEN LIGHTMAP_OFF DIRLIGHTMAP_OFF DYNAMICLIGHTMAP_OFF PIXELSNAP_ON ok=1
Cmd: compileSnippet
  api=4 type=1 insize=14306 outsize=1753 kw=DIRECTIONAL SHADOWS_SCREEN LIGHTMAP_OFF DIRLIGHTMAP_OFF DYNAMICLIGHTMAP_OFF PIXELSNAP_ON ok=1
Cmd: compileSnippet
  api=1 type=0 insize=7914 outsize=369 kw=POINT ok=1
Cmd: compileSnippet
  api=8 type=0 insize=7914 outsize=4111 kw=POINT ok=1
Cmd: compileSnippet
  api=1 type=0 insize=7914 outsize=369 kw=DIRECTIONAL ok=1
Cmd: compileSnippet
  api=8 type=0 insize=7914 outsize=4111 kw=DIRECTIONAL ok=1
Cmd: compileSnippet
  api=1 type=0 insize=7914 outsize=369 kw=SPOT ok=1
Cmd: compileSnippet
  api=8 type=0 insize=7914 outsize=4111 kw=SPOT ok=1
Cmd: compileSnippet
  api=1 type=0 insize=7914 outsize=369 kw=POINT_COOKIE ok=1
Cmd: compileSnippet
  api=4 type=0 insize=7914 outsize=2915 kw=POINT_COOKIE ok=1
Cmd: compileSnippet
  api=0 type=0 insize=7914 outsize=1789 kw=DIRECTIONAL_COOKIE ok=1
Cmd: compileSnippet
  api=8 type=0 insize=7914 outsize=4111 kw=DIRECTIONAL_COOKIE ok=1
Cmd: compileSnippet
  api=1 type=0 insize=7914 outsize=640 kw=POINT PIXELSNAP_ON ok=1
Cmd: compileSnippet
  api=4 type=0 insize=7914 outsize=3305 kw=POINT PIXELSNAP_ON ok=1
Cmd: compileSnippet
  api=8 type=0 insize=7914 outsize=4899 kw=POINT PIXELSNAP_ON ok=1
Cmd: compileSnippet
  api=1 type=0 insize=7914 outsize=640 kw=DIRECTIONAL PIXELSNAP_ON ok=1
Cmd: compileSnippet
  api=8 type=0 insize=7914 outsize=4899 kw=DIRECTIONAL PIXELSNAP_ON ok=1
Cmd: compileSnippet
  api=1 type=0 insize=7914 outsize=640 kw=SPOT PIXELSNAP_ON ok=1
Cmd: compileSnippet
  api=4 type=0 insize=7914 outsize=3305 kw=SPOT PIXELSNAP_ON ok=1
Cmd: compileSnippet
  api=0 type=0 insize=7914 outsize=2208 kw=POINT_COOKIE PIXELSNAP_ON ok=1
Cmd: compileSnippet
  api=4 type=0 insize=7914 outsize=3305 kw=POINT_COOKIE PIXELSNAP_ON ok=1
Cmd: compileSnippet
  api=0 type=0 insize=7914 outsize=2025 kw=DIRECTIONAL_COOKIE PIXELSNAP_ON ok=1
Cmd: compileSnippet
  api=4 type=0 insize=7914 outsize=3305 kw=DIRECTIONAL_COOKIE PIXELSNAP_ON ok=1
Cmd: compileSnippet
  api=1 type=1 insize=7914 outsize=437 kw=POINT ok=1
Cmd: compileSnippet
  api=0 type=1 insize=7914 outsize=6 kw=DIRECTIONAL ok=1
Cmd: compileSnippet
  api=1 type=1 insize=7914 outsize=235 kw=DIRECTIONAL ok=1
Cmd: compileSnippet
  api=8 type=1 insize=7914 outsize=1869 kw=DIRECTIONAL ok=1
Cmd: compileSnippet
  api=8 type=1 insize=7914 outsize=3729 kw=SPOT ok=1
Cmd: compileSnippet
  api=0 type=1 insize=7914 outsize=6 kw=DIRECTIONAL_COOKIE ok=1
Cmd: compileSnippet
  api=1 type=1 insize=7914 outsize=364 kw=DIRECTIONAL_COOKIE ok=1
Cmd: compileSnippet
  api=4 type=1 insize=7914 outsize=1794 kw=DIRECTIONAL_COOKIE ok=1
Cmd: compileSnippet
  api=0 type=1 insize=7914 outsize=6 kw=POINT PIXELSNAP_ON ok=1
Cmd: compileSnippet
  api=1 type=1 insize=7914 outsize=437 kw=POINT PIXELSNAP_ON ok=1
Cmd: compileSnippet
  api=4 type=1 insize=7914 outsize=2070 kw=POINT PIXELSNAP_ON ok=1
Cmd: compileSnippet
  api=0 type=1 insize=7914 outsize=6 kw=DIRECTIONAL PIXELSNAP_ON ok=1
Cmd: compileSnippet
  api=1 type=1 insize=7914 outsize=235 kw=DIRECTIONAL PIXELSNAP_ON ok=1
Cmd: compileSnippet
  api=4 type=1 insize=7914 outsize=1290 kw=DIRECTIONAL PIXELSNAP_ON ok=1
Cmd: compileSnippet
  api=0 type=1 insize=7914 outsize=6 kw=SPOT PIXELSNAP_ON ok=1
Cmd: compileSnippet
  api=1 type=1 insize=7914 outsize=594 kw=SPOT PIXELSNAP_ON ok=1
Cmd: compileSnippet
  api=4 type=1 insize=7914 outsize=2566 kw=SPOT PIXELSNAP_ON ok=1
Cmd: compileSnippet
  api=0 type=1 insize=7914 outsize=6 kw=POINT_COOKIE PIXELSNAP_ON ok=1
Cmd: compileSnippet
  api=1 type=1 insize=7914 outsize=487 kw=POINT_COOKIE PIXELSNAP_ON ok=1
Cmd: compileSnippet
  api=4 type=1 insize=7914 outsize=2257 kw=POINT_COOKIE PIXELSNAP_ON ok=1
Cmd: compileSnippet
  api=0 type=1 insize=7914 outsize=6 kw=DIRECTIONAL_COOKIE PIXELSNAP_ON ok=1
Cmd: compileSnippet
  api=1 type=1 insize=7914 outsize=364 kw=DIRECTIONAL_COOKIE PIXELSNAP_ON ok=1
Cmd: compileSnippet
  api=4 type=1 insize=7914 outsize=1794 kw=DIRECTIONAL_COOKIE PIXELSNAP_ON ok=1
Cmd: compileSnippet
  api=1 type=0 insize=6672 outsize=323 kw= ok=1
Cmd: compileSnippet
  api=4 type=0 insize=6672 outsize=2728 kw= ok=1
Cmd: compileSnippet
  api=8 type=0 insize=6672 outsize=3859 kw= ok=1
Cmd: compileSnippet
  api=1 type=0 insize=6672 outsize=594 kw=PIXELSNAP_ON ok=1
Cmd: compileSnippet
  api=4 type=0 insize=6672 outsize=3118 kw=PIXELSNAP_ON ok=1
Cmd: compileSnippet
  api=0 type=1 insize=6672 outsize=6 kw= ok=1
Cmd: compileSnippet
  api=4 type=1 insize=6672 outsize=746 kw= ok=1
Cmd: compileSnippet
  api=8 type=1 insize=6672 outsize=1032 kw= ok=1
Cmd: compileSnippet
  api=4 type=1 insize=6672 outsize=746 kw=PIXELSNAP_ON ok=1
Cmd: compileSnippet
  api=1 type=0 insize=12632 outsize=737 kw=LIGHTMAP_OFF DIRLIGHTMAP_OFF DYNAMICLIGHTMAP_OFF HDR_LIGHT_PREPASS_OFF ok=1
Cmd: compileSnippet
  api=4 type=0 insize=12632 outsize=4239 kw=LIGHTMAP_OFF DIRLIGHTMAP_OFF DYNAMICLIGHTMAP_OFF HDR_LIGHT_PREPASS_OFF ok=1
Cmd: compileSnippet
  api=8 type=0 insize=12632 outsize=6045 kw=LIGHTMAP_OFF DIRLIGHTMAP_OFF DYNAMICLIGHTMAP_OFF HDR_LIGHT_PREPASS_OFF ok=1
Cmd: compileSnippet
  api=1 type=0 insize=12632 outsize=737 kw=LIGHTMAP_OFF DIRLIGHTMAP_OFF DYNAMICLIGHTMAP_OFF UNITY_HDR_ON ok=1
Cmd: compileSnippet
  api=8 type=0 insize=12632 outsize=6045 kw=LIGHTMAP_OFF DIRLIGHTMAP_OFF DYNAMICLIGHTMAP_OFF UNITY_HDR_ON ok=1
Cmd: compileSnippet
  api=1 type=0 insize=12632 outsize=986 kw=LIGHTMAP_OFF DIRLIGHTMAP_OFF DYNAMICLIGHTMAP_OFF PIXELSNAP_ON HDR_LIGHT_PREPASS_OFF ok=1
Cmd: compileSnippet
  api=4 type=0 insize=12632 outsize=4654 kw=LIGHTMAP_OFF DIRLIGHTMAP_OFF DYNAMICLIGHTMAP_OFF PIXELSNAP_ON HDR_LIGHT_PREPASS_OFF ok=1
Cmd: compileSnippet
  api=0 type=0 insize=12632 outsize=3044 kw=LIGHTMAP_OFF DIRLIGHTMAP_OFF DYNAMICLIGHTMAP_OFF UNITY_HDR_ON PIXELSNAP_ON ok=1
Cmd: compileSnippet
  api=1 type=0 insize=12632 outsize=986 kw=LIGHTMAP_OFF DIRLIGHTMAP_OFF DYNAMICLIGHTMAP_OFF UNITY_HDR_ON PIXELSNAP_ON ok=1
Cmd: compileSnippet
  api=8 type=0 insize=12632 outsize=6784 kw=LIGHTMAP_OFF DIRLIGHTMAP_OFF DYNAMICLIGHTMAP_OFF UNITY_HDR_ON PIXELSNAP_ON ok=1
Cmd: compileSnippet
  api=0 type=1 insize=12632 outsize=6 kw=LIGHTMAP_OFF DIRLIGHTMAP_OFF DYNAMICLIGHTMAP_OFF HDR_LIGHT_PREPASS_OFF ok=1
Cmd: compileSnippet
  api=4 type=1 insize=12632 outsize=1453 kw=LIGHTMAP_OFF DIRLIGHTMAP_OFF DYNAMICLIGHTMAP_OFF HDR_LIGHT_PREPASS_OFF ok=1
Cmd: compileSnippet
  api=0 type=1 insize=12632 outsize=6 kw=LIGHTMAP_OFF DIRLIGHTMAP_OFF DYNAMICLIGHTMAP_OFF UNITY_HDR_ON ok=1
Cmd: compileSnippet
  api=1 type=1 insize=12632 outsize=205 kw=LIGHTMAP_OFF DIRLIGHTMAP_OFF DYNAMICLIGHTMAP_OFF UNITY_HDR_ON ok=1
Cmd: compileSnippet
  api=4 type=1 insize=12632 outsize=1404 kw=LIGHTMAP_OFF DIRLIGHTMAP_OFF DYNAMICLIGHTMAP_OFF UNITY_HDR_ON ok=1
Cmd: compileSnippet
  api=0 type=1 insize=12632 outsize=6 kw=LIGHTMAP_OFF DIRLIGHTMAP_OFF DYNAMICLIGHTMAP_OFF PIXELSNAP_ON HDR_LIGHT_PREPASS_OFF ok=1
Cmd: compileSnippet
  api=1 type=1 insize=12632 outsize=260 kw=LIGHTMAP_OFF DIRLIGHTMAP_OFF DYNAMICLIGHTMAP_OFF PIXELSNAP_ON HDR_LIGHT_PREPASS_OFF ok=1
Cmd: compileSnippet
  api=8 type=1 insize=12632 outsize=2088 kw=LIGHTMAP_OFF DIRLIGHTMAP_OFF DYNAMICLIGHTMAP_OFF PIXELSNAP_ON HDR_LIGHT_PREPASS_OFF ok=1
Cmd: compileSnippet
  api=4 type=1 insize=12632 outsize=1404 kw=LIGHTMAP_OFF DIRLIGHTMAP_OFF DYNAMICLIGHTMAP_OFF UNITY_HDR_ON PIXELSNAP_ON ok=1
Cmd: compileSnippet
  api=1 type=0 insize=12780 outsize=625 kw=LIGHTMAP_OFF DIRLIGHTMAP_OFF DYNAMICLIGHTMAP_OFF HDR_LIGHT_PREPASS_OFF ok=1
Cmd: compileSnippet
  api=4 type=0 insize=12780 outsize=3963 kw=LIGHTMAP_OFF DIRLIGHTMAP_OFF DYNAMICLIGHTMAP_OFF HDR_LIGHT_PREPASS_OFF ok=1
Cmd: compileSnippet
  api=8 type=0 insize=12780 outsize=5614 kw=LIGHTMAP_OFF DIRLIGHTMAP_OFF DYNAMICLIGHTMAP_OFF HDR_LIGHT_PREPASS_OFF ok=1
Cmd: compileSnippet
  api=1 type=0 insize=12780 outsize=625 kw=LIGHTMAP_OFF DIRLIGHTMAP_OFF DYNAMICLIGHTMAP_OFF UNITY_HDR_ON ok=1
Cmd: compileSnippet
  api=4 type=0 insize=12780 outsize=3963 kw=LIGHTMAP_OFF DIRLIGHTMAP_OFF DYNAMICLIGHTMAP_OFF UNITY_HDR_ON ok=1
Cmd: compileSnippet
  api=0 type=0 insize=12780 outsize=2960 kw=LIGHTMAP_OFF DIRLIGHTMAP_OFF DYNAMICLIGHTMAP_OFF PIXELSNAP_ON HDR_LIGHT_PREPASS_OFF ok=1
Cmd: compileSnippet
  api=8 type=0 insize=12780 outsize=6354 kw=LIGHTMAP_OFF DIRLIGHTMAP_OFF DYNAMICLIGHTMAP_OFF PIXELSNAP_ON HDR_LIGHT_PREPASS_OFF ok=1
Cmd: compileSnippet
  api=1 type=0 insize=12780 outsize=864 kw=LIGHTMAP_OFF DIRLIGHTMAP_OFF DYNAMICLIGHTMAP_OFF UNITY_HDR_ON PIXELSNAP_ON ok=1
Cmd: compileSnippet
  api=4 type=0 insize=12780 outsize=4353 kw=LIGHTMAP_OFF DIRLIGHTMAP_OFF DYNAMICLIGHTMAP_OFF UNITY_HDR_ON PIXELSNAP_ON ok=1
Cmd: compileSnippet
  api=1 type=1 insize=12780 outsize=385 kw=LIGHTMAP_OFF DIRLIGHTMAP_OFF DYNAMICLIGHTMAP_OFF HDR_LIGHT_PREPASS_OFF ok=1
Cmd: compileSnippet
  api=8 type=1 insize=12780 outsize=2478 kw=LIGHTMAP_OFF DIRLIGHTMAP_OFF DYNAMICLIGHTMAP_OFF HDR_LIGHT_PREPASS_OFF ok=1
Cmd: compileSnippet
  api=8 type=1 insize=12780 outsize=2356 kw=LIGHTMAP_OFF DIRLIGHTMAP_OFF DYNAMICLIGHTMAP_OFF UNITY_HDR_ON ok=1
Cmd: compileSnippet
  api=4 type=1 insize=12780 outsize=1737 kw=LIGHTMAP_OFF DIRLIGHTMAP_OFF DYNAMICLIGHTMAP_OFF PIXELSNAP_ON HDR_LIGHT_PREPASS_OFF ok=1
Cmd: compileSnippet
  api=0 type=1 insize=12780 outsize=6 kw=LIGHTMAP_OFF DIRLIGHTMAP_OFF DYNAMICLIGHTMAP_OFF UNITY_HDR_ON PIXELSNAP_ON ok=1
Cmd: compileSnippet
  api=1 type=1 insize=12780 outsize=328 kw=LIGHTMAP_OFF DIRLIGHTMAP_OFF DYNAMICLIGHTMAP_OFF UNITY_HDR_ON PIXELSNAP_ON ok=1
Cmd: compileSnippet
  api=8 type=1 insize=12780 outsize=2356 kw=LIGHTMAP_OFF DIRLIGHTMAP_OFF DYNAMICLIGHTMAP_OFF UNITY_HDR_ON PIXELSNAP_ON ok=1
Cmd: compileSnippet
  api=1 type=0 insize=6731 outsize=580 kw=DIRECTIONAL LIGHTMAP_OFF DIRLIGHTMAP_OFF DYNAMICLIGHTMAP_OFF ok=1
Cmd: compileSnippet
  api=4 type=0 insize=6731 outsize=3663 kw=DIRECTIONAL LIGHTMAP_OFF DIRLIGHTMAP_OFF DYNAMICLIGHTMAP_OFF ok=1
Cmd: compileSnippet
  api=8 type=0 insize=6731 outsize=5233 kw=DIRECTIONAL LIGHTMAP_OFF DIRLIGHTMAP_OFF DYNAMICLIGHTMAP_OFF ok=1
Cmd: compileSnippet
  api=1 type=0 insize=6731 outsize=1087 kw=DIRECTIONAL LIGHTMAP_OFF DIRLIGHTMAP_OFF DYNAMICLIGHTMAP_OFF VERTEXLIGHT_ON ok=1
Cmd: compileSnippet
  api=8 type=0 insize=6731 outsize=7605 kw=DIRECTIONAL LIGHTMAP_OFF DIRLIGHTMAP_OFF DYNAMICLIGHTMAP_OFF VERTEXLIGHT_ON ok=1
Cmd: compileSnippet
  api=1 type=1 insize=6731 outsize=241 kw=DIRECTIONAL LIGHTMAP_OFF DIRLIGHTMAP_OFF DYNAMICLIGHTMAP_OFF ok=1
Cmd: compileSnippet
  api=8 type=1 insize=6731 outsize=1926 kw=DIRECTIONAL LIGHTMAP_OFF DIRLIGHTMAP_OFF DYNAMICLIGHTMAP_OFF ok=1
Cmd: compileSnippet
  api=0 type=0 insize=3569 outsize=1772 kw=POINT ok=1
Cmd: compileSnippet
  api=0 type=0 insize=3569 outsize=1441 kw=DIRECTIONAL ok=1
Cmd: compileSnippet
  api=4 type=0 insize=3569 outsize=2753 kw=DIRECTIONAL ok=1
Cmd: compileSnippet
  api=0 type=0 insize=3569 outsize=1911 kw=SPOT ok=1
Cmd: compileSnippet
  api=4 type=0 insize=3569 outsize=2753 kw=SPOT ok=1
Cmd: compileSnippet
  api=0 type=0 insize=3569 outsize=1855 kw=POINT_COOKIE ok=1
Cmd: compileSnippet
  api=4 type=0 insize=3569 outsize=2753 kw=POINT_COOKIE ok=1
Cmd: compileSnippet
  api=0 type=0 insize=3569 outsize=1672 kw=DIRECTIONAL_COOKIE ok=1
Cmd: compileSnippet
  api=8 type=0 insize=3569 outsize=3892 kw=DIRECTIONAL_COOKIE ok=1
Cmd: compileSnippet
  api=0 type=1 insize=3569 outsize=6 kw=POINT ok=1
Cmd: compileSnippet
  api=4 type=1 insize=3569 outsize=1948 kw=POINT ok=1
Cmd: compileSnippet
  api=8 type=1 insize=3569 outsize=2852 kw=POINT ok=1
Cmd: compileSnippet
  api=8 type=1 insize=3569 outsize=1714 kw=DIRECTIONAL ok=1
Cmd: compileSnippet
  api=4 type=1 insize=3569 outsize=2444 kw=SPOT ok=1
Cmd: compileSnippet
  api=0 type=1 insize=3569 outsize=6 kw=POINT_COOKIE ok=1
Cmd: compileSnippet
  api=1 type=1 insize=3569 outsize=453 kw=POINT_COOKIE ok=1
Cmd: compileSnippet
  api=4 type=1 insize=3569 outsize=2135 kw=POINT_COOKIE ok=1
Cmd: compileSnippet
  api=8 type=1 insize=3569 outsize=3161 kw=POINT_COOKIE ok=1
Cmd: compileSnippet
  api=8 type=1 insize=3569 outsize=2486 kw=DIRECTIONAL_COOKIE ok=1
Cmd: compileSnippet
  api=1 type=0 insize=7178 outsize=941 kw=DIRECTIONAL LIGHTMAP_OFF DIRLIGHTMAP_OFF DYNAMICLIGHTMAP_OFF ok=1
Cmd: compileSnippet
  api=8 type=0 insize=7178 outsize=7085 kw=DIRECTIONAL LIGHTMAP_OFF DIRLIGHTMAP_OFF DYNAMICLIGHTMAP_OFF ok=1
Cmd: compileSnippet
  api=1 type=0 insize=7178 outsize=1481 kw=DIRECTIONAL LIGHTMAP_OFF DIRLIGHTMAP_OFF DYNAMICLIGHTMAP_OFF VERTEXLIGHT_ON ok=1
Cmd: compileSnippet
  api=4 type=0 insize=7178 outsize=6287 kw=DIRECTIONAL LIGHTMAP_OFF DIRLIGHTMAP_OFF DYNAMICLIGHTMAP_OFF VERTEXLIGHT_ON ok=1
Cmd: compileSnippet
  api=1 type=1 insize=7178 outsize=547 kw=DIRECTIONAL LIGHTMAP_OFF DIRLIGHTMAP_OFF DYNAMICLIGHTMAP_OFF ok=1
Cmd: compileSnippet
  api=1 type=0 insize=4616 outsize=725 kw=POINT ok=1
Cmd: compileSnippet
  api=8 type=0 insize=4616 outsize=5688 kw=POINT ok=1
Cmd: compileSnippet
  api=1 type=0 insize=4616 outsize=725 kw=DIRECTIONAL ok=1
Cmd: compileSnippet
  api=8 type=0 insize=4616 outsize=5688 kw=DIRECTIONAL ok=1
Cmd: compileSnippet
  api=1 type=0 insize=4616 outsize=725 kw=SPOT ok=1
Cmd: compileSnippet
  api=4 type=0 insize=4616 outsize=3955 kw=SPOT ok=1
Cmd: compileSnippet
  api=8 type=0 insize=4616 outsize=5688 kw=SPOT ok=1
Cmd: compileSnippet
  api=1 type=0 insize=4616 outsize=725 kw=POINT_COOKIE ok=1
Cmd: compileSnippet
  api=4 type=0 insize=4616 outsize=3955 kw=POINT_COOKIE ok=1
Cmd: compileSnippet
  api=0 type=0 insize=4616 outsize=3020 kw=DIRECTIONAL_COOKIE ok=1
Cmd: compileSnippet
  api=4 type=0 insize=4616 outsize=3955 kw=DIRECTIONAL_COOKIE ok=1
Cmd: compileSnippet
  api=1 type=1 insize=4616 outsize=706 kw=POINT ok=1
Cmd: compileSnippet
  api=0 type=1 insize=4616 outsize=6 kw=DIRECTIONAL ok=1
Cmd: compileSnippet
  api=1 type=1 insize=4616 outsize=501 kw=DIRECTIONAL ok=1
Cmd: compileSnippet
  api=8 type=1 insize=4616 outsize=2966 kw=DIRECTIONAL ok=1
Cmd: compileSnippet
  api=4 type=1 insize=4616 outsize=3232 kw=SPOT ok=1
Cmd: compileSnippet
  api=0 type=1 insize=4616 outsize=6 kw=POINT_COOKIE ok=1
Cmd: compileSnippet
  api=1 type=1 insize=4616 outsize=756 kw=POINT_COOKIE ok=1
Cmd: compileSnippet
  api=4 type=1 insize=4616 outsize=2923 kw=POINT_COOKIE ok=1
Cmd: compileSnippet
  api=8 type=1 insize=4616 outsize=4412 kw=POINT_COOKIE ok=1
Cmd: compileSnippet
  api=8 type=1 insize=4616 outsize=3738 kw=DIRECTIONAL_COOKIE ok=1
Cmd: compileSnippet
  api=0 type=0 insize=982 outsize=9902 kw=DIRECTIONAL SHADOWS_OFF LIGHTMAP_OFF DIRLIGHTMAP_OFF DYNAMICLIGHTMAP_OFF ok=1
Cmd: compileSnippet
  api=1 type=0 insize=982 outsize=991 kw=DIRECTIONAL SHADOWS_SCREEN LIGHTMAP_OFF DIRLIGHTMAP_OFF DYNAMICLIGHTMAP_OFF ok=1
Cmd: compileSnippet
  api=0 type=0 insize=982 outsize=11132 kw=DIRECTIONAL SHADOWS_OFF LIGHTMAP_OFF DIRLIGHTMAP_OFF DYNAMICLIGHTMAP_OFF VERTEXLIGHT_ON ok=1
Cmd: compileSnippet
  api=4 type=0 insize=982 outsize=5393 kw=DIRECTIONAL SHADOWS_OFF LIGHTMAP_OFF DIRLIGHTMAP_OFF DYNAMICLIGHTMAP_OFF VERTEXLIGHT_ON ok=1
Cmd: compileSnippet
  api=1 type=0 insize=982 outsize=1485 kw=DIRECTIONAL SHADOWS_SCREEN LIGHTMAP_OFF DIRLIGHTMAP_OFF DYNAMICLIGHTMAP_OFF VERTEXLIGHT_ON ok=1
Cmd: compileSnippet
  api=1 type=1 insize=982 outsize=3721 kw=DIRECTIONAL SHADOWS_OFF LIGHTMAP_OFF DIRLIGHTMAP_OFF DYNAMICLIGHTMAP_OFF ok=1
Cmd: compileSnippet
  api=1 type=0 insize=938 outsize=901 kw=POINT SHADOWS_OFF ok=1
Cmd: compileSnippet
  api=4 type=0 insize=938 outsize=4727 kw=POINT SHADOWS_OFF ok=1
Cmd: compileSnippet
  api=0 type=0 insize=938 outsize=5705 kw=DIRECTIONAL SHADOWS_OFF ok=1
Cmd: compileSnippet
  api=1 type=0 insize=938 outsize=915 kw=SPOT SHADOWS_OFF ok=1
Cmd: compileSnippet
  api=4 type=0 insize=938 outsize=4727 kw=SPOT SHADOWS_OFF ok=1
Cmd: compileSnippet
  api=1 type=0 insize=938 outsize=901 kw=POINT_COOKIE SHADOWS_OFF ok=1
Cmd: compileSnippet
  api=4 type=0 insize=938 outsize=4727 kw=POINT_COOKIE SHADOWS_OFF ok=1
Cmd: compileSnippet
  api=0 type=0 insize=938 outsize=5976 kw=DIRECTIONAL_COOKIE SHADOWS_OFF ok=1
Cmd: compileSnippet
  api=0 type=0 insize=938 outsize=6609 kw=SPOT SHADOWS_DEPTH SHADOWS_NATIVE ok=1
Cmd: compileSnippet
  api=0 type=0 insize=938 outsize=6173 kw=DIRECTIONAL SHADOWS_SCREEN ok=1
Cmd: compileSnippet
  api=4 type=0 insize=938 outsize=4394 kw=DIRECTIONAL SHADOWS_SCREEN ok=1
Cmd: compileSnippet
  api=1 type=0 insize=938 outsize=1051 kw=DIRECTIONAL_COOKIE SHADOWS_SCREEN ok=1
Cmd: compileSnippet
  api=4 type=0 insize=938 outsize=5084 kw=DIRECTIONAL_COOKIE SHADOWS_SCREEN ok=1
Cmd: compileSnippet
  api=1 type=0 insize=938 outsize=943 kw=POINT SHADOWS_CUBE ok=1
Cmd: compileSnippet
  api=0 type=0 insize=938 outsize=6958 kw=POINT_COOKIE SHADOWS_CUBE ok=1
Cmd: compileSnippet
  api=4 type=0 insize=938 outsize=4873 kw=POINT_COOKIE SHADOWS_CUBE ok=1
Cmd: compileSnippet
  api=1 type=0 insize=938 outsize=1005 kw=SPOT SHADOWS_DEPTH SHADOWS_SOFT SHADOWS_NATIVE ok=1
Cmd: compileSnippet
  api=4 type=0 insize=938 outsize=5141 kw=SPOT SHADOWS_DEPTH SHADOWS_SOFT SHADOWS_NATIVE ok=1
Cmd: compileSnippet
  api=1 type=0 insize=938 outsize=943 kw=POINT SHADOWS_CUBE SHADOWS_SOFT ok=1
Cmd: compileSnippet
  api=4 type=0 insize=938 outsize=4873 kw=POINT SHADOWS_CUBE SHADOWS_SOFT ok=1
Cmd: compileSnippet
  api=0 type=0 insize=938 outsize=7897 kw=POINT_COOKIE SHADOWS_CUBE SHADOWS_SOFT ok=1
Cmd: compileSnippet
  api=1 type=1 insize=938 outsize=2142 kw=POINT SHADOWS_OFF ok=1
Cmd: compileSnippet
  api=0 type=1 insize=938 outsize=6 kw=DIRECTIONAL SHADOWS_OFF ok=1
Cmd: compileSnippet
  api=1 type=1 insize=938 outsize=2070 kw=DIRECTIONAL SHADOWS_OFF ok=1
Cmd: compileSnippet
  api=4 type=1 insize=938 outsize=6458 kw=SPOT SHADOWS_OFF ok=1
Cmd: compileSnippet
  api=4 type=1 insize=938 outsize=6149 kw=POINT_COOKIE SHADOWS_OFF ok=1
Cmd: compileSnippet
  api=0 type=1 insize=938 outsize=6 kw=DIRECTIONAL_COOKIE SHADOWS_OFF ok=1
Cmd: compileSnippet
  api=1 type=1 insize=938 outsize=2139 kw=DIRECTIONAL_COOKIE SHADOWS_OFF ok=1
Cmd: compileSnippet
  api=0 type=1 insize=938 outsize=6 kw=SPOT SHADOWS_DEPTH SHADOWS_NATIVE ok=1
Cmd: compileSnippet
  api=1 type=1 insize=938 outsize=2370 kw=SPOT SHADOWS_DEPTH SHADOWS_NATIVE ok=1
Cmd: compileSnippet
  api=0 type=1 insize=938 outsize=6 kw=DIRECTIONAL SHADOWS_SCREEN ok=1
Cmd: compileSnippet
  api=1 type=1 insize=938 outsize=2137 kw=DIRECTIONAL SHADOWS_SCREEN ok=1
Cmd: compileSnippet
  api=0 type=1 insize=938 outsize=6 kw=DIRECTIONAL_COOKIE SHADOWS_SCREEN ok=1
Cmd: compileSnippet
  api=1 type=1 insize=938 outsize=2208 kw=DIRECTIONAL_COOKIE SHADOWS_SCREEN ok=1
Cmd: compileSnippet
  api=0 type=1 insize=938 outsize=6 kw=POINT SHADOWS_CUBE ok=1
Cmd: compileSnippet
  api=1 type=1 insize=938 outsize=2357 kw=POINT SHADOWS_CUBE ok=1
Cmd: compileSnippet
  api=4 type=1 insize=938 outsize=6904 kw=POINT_COOKIE SHADOWS_CUBE ok=1
Cmd: compileSnippet
  api=4 type=1 insize=938 outsize=7660 kw=SPOT SHADOWS_DEPTH SHADOWS_SOFT SHADOWS_NATIVE ok=1
Cmd: compileSnippet
  api=0 type=1 insize=938 outsize=6 kw=POINT SHADOWS_CUBE SHADOWS_SOFT ok=1
Cmd: compileSnippet
  api=1 type=1 insize=938 outsize=2623 kw=POINT SHADOWS_CUBE SHADOWS_SOFT ok=1
Cmd: compileSnippet
  api=0 type=1 insize=938 outsize=6 kw=POINT_COOKIE SHADOWS_CUBE SHADOWS_SOFT ok=1
Cmd: compileSnippet
  api=1 type=1 insize=938 outsize=2673 kw=POINT_COOKIE SHADOWS_CUBE SHADOWS_SOFT ok=1
Cmd: compileSnippet
  api=1 type=0 insize=751 outsize=814 kw=SHADOWS_DEPTH ok=1
Cmd: compileSnippet
  api=0 type=0 insize=751 outsize=487 kw=SHADOWS_CUBE ok=1
Cmd: compileSnippet
  api=1 type=1 insize=751 outsize=65 kw=SHADOWS_DEPTH ok=1
Cmd: compileSnippet
  api=1 type=0 insize=1152 outsize=842 kw=LIGHTMAP_OFF DIRLIGHTMAP_OFF DYNAMICLIGHTMAP_OFF ok=1
Cmd: compileSnippet
  api=4 type=0 insize=1152 outsize=3979 kw=LIGHTMAP_OFF DIRLIGHTMAP_OFF DYNAMICLIGHTMAP_OFF ok=1
Cmd: compileSnippet
  api=0 type=0 insize=1152 outsize=8395 kw=LIGHTMAP_OFF DIRLIGHTMAP_OFF DYNAMICLIGHTMAP_OFF UNITY_HDR_ON ok=1
Cmd: compileSnippet
  api=1 type=1 insize=1152 outsize=2392 kw=LIGHTMAP_OFF DIRLIGHTMAP_OFF DYNAMICLIGHTMAP_OFF ok=1
Cmd: compileSnippet
  api=0 type=1 insize=1152 outsize=6 kw=LIGHTMAP_OFF DIRLIGHTMAP_OFF DYNAMICLIGHTMAP_OFF UNITY_HDR_ON ok=1
Cmd: compileSnippet
  api=1 type=1 insize=1152 outsize=2333 kw=LIGHTMAP_OFF DIRLIGHTMAP_OFF DYNAMICLIGHTMAP_OFF UNITY_HDR_ON ok=1
Cmd: compileSnippet
  api=1 type=0 insize=886 outsize=851 kw=DIRECTIONAL SHADOWS_OFF LIGHTMAP_OFF DIRLIGHTMAP_OFF DYNAMICLIGHTMAP_OFF ok=1
Cmd: compileSnippet
  api=4 type=0 insize=886 outsize=4313 kw=DIRECTIONAL SHADOWS_OFF LIGHTMAP_OFF DIRLIGHTMAP_OFF DYNAMICLIGHTMAP_OFF ok=1
Cmd: compileSnippet
  api=8 type=0 insize=886 outsize=6346 kw=DIRECTIONAL SHADOWS_OFF LIGHTMAP_OFF DIRLIGHTMAP_OFF DYNAMICLIGHTMAP_OFF ok=1
Cmd: compileSnippet
  api=1 type=0 insize=886 outsize=979 kw=DIRECTIONAL SHADOWS_SCREEN LIGHTMAP_OFF DIRLIGHTMAP_OFF DYNAMICLIGHTMAP_OFF ok=1
Cmd: compileSnippet
  api=4 type=0 insize=886 outsize=4670 kw=DIRECTIONAL SHADOWS_SCREEN LIGHTMAP_OFF DIRLIGHTMAP_OFF DYNAMICLIGHTMAP_OFF ok=1
Cmd: compileSnippet
  api=1 type=0 insize=886 outsize=1345 kw=DIRECTIONAL SHADOWS_OFF LIGHTMAP_OFF DIRLIGHTMAP_OFF DYNAMICLIGHTMAP_OFF VERTEXLIGHT_ON ok=1
Cmd: compileSnippet
  api=8 type=0 insize=886 outsize=8653 kw=DIRECTIONAL SHADOWS_OFF LIGHTMAP_OFF DIRLIGHTMAP_OFF DYNAMICLIGHTMAP_OFF VERTEXLIGHT_ON ok=1
Cmd: compileSnippet
  api=1 type=0 insize=886 outsize=1473 kw=DIRECTIONAL SHADOWS_SCREEN LIGHTMAP_OFF DIRLIGHTMAP_OFF DYNAMICLIGHTMAP_OFF VERTEXLIGHT_ON ok=1
Cmd: compileSnippet
  api=8 type=0 insize=886 outsize=7402 kw=DIRECTIONAL SHADOWS_SCREEN SHADOWS_NATIVE LIGHTMAP_OFF DIRLIGHTMAP_OFF DYNAMICLIGHTMAP_OFF ok=1
Cmd: compileSnippet
  api=1 type=1 insize=886 outsize=1126 kw=DIRECTIONAL SHADOWS_OFF LIGHTMAP_OFF DIRLIGHTMAP_OFF DYNAMICLIGHTMAP_OFF ok=1
Cmd: compileSnippet
  api=8 type=1 insize=886 outsize=5834 kw=DIRECTIONAL SHADOWS_OFF LIGHTMAP_OFF DIRLIGHTMAP_OFF DYNAMICLIGHTMAP_OFF ok=1
Cmd: compileSnippet
  api=8 type=1 insize=886 outsize=6524 kw=DIRECTIONAL SHADOWS_SCREEN SHADOWS_NATIVE LIGHTMAP_OFF DIRLIGHTMAP_OFF DYNAMICLIGHTMAP_OFF ok=1
Cmd: compileSnippet
  api=1 type=0 insize=816 outsize=871 kw=POINT SHADOWS_OFF ok=1
Cmd: compileSnippet
  api=4 type=0 insize=816 outsize=5036 kw=POINT SHADOWS_OFF ok=1
Cmd: compileSnippet
  api=8 type=0 insize=816 outsize=7288 kw=POINT SHADOWS_OFF ok=1
Cmd: compileSnippet
  api=1 type=0 insize=816 outsize=781 kw=DIRECTIONAL SHADOWS_OFF ok=1
Cmd: compileSnippet
  api=4 type=0 insize=816 outsize=4191 kw=DIRECTIONAL SHADOWS_OFF ok=1
Cmd: compileSnippet
  api=0 type=0 insize=816 outsize=4951 kw=SPOT SHADOWS_OFF ok=1
Cmd: compileSnippet
  api=4 type=0 insize=816 outsize=5036 kw=SPOT SHADOWS_OFF ok=1
Cmd: compileSnippet
  api=0 type=0 insize=816 outsize=4885 kw=POINT_COOKIE SHADOWS_OFF ok=1
Cmd: compileSnippet
  api=4 type=0 insize=816 outsize=5036 kw=POINT_COOKIE SHADOWS_OFF ok=1
Cmd: compileSnippet
  api=0 type=0 insize=816 outsize=4750 kw=DIRECTIONAL_COOKIE SHADOWS_OFF ok=1
Cmd: compileSnippet
  api=1 type=0 insize=816 outsize=837 kw=DIRECTIONAL_COOKIE SHADOWS_OFF ok=1
Cmd: compileSnippet
  api=8 type=0 insize=816 outsize=7109 kw=DIRECTIONAL_COOKIE SHADOWS_OFF ok=1
Cmd: compileSnippet
  api=1 type=0 insize=816 outsize=967 kw=SPOT SHADOWS_DEPTH SHADOWS_NATIVE ok=1
Cmd: compileSnippet
  api=4 type=0 insize=816 outsize=5450 kw=SPOT SHADOWS_DEPTH SHADOWS_NATIVE ok=1
Cmd: compileSnippet
  api=0 type=0 insize=816 outsize=4947 kw=DIRECTIONAL SHADOWS_SCREEN ok=1
Cmd: compileSnippet
  api=1 type=0 insize=816 outsize=929 kw=DIRECTIONAL SHADOWS_SCREEN ok=1
Cmd: compileSnippet
  api=0 type=0 insize=816 outsize=5189 kw=DIRECTIONAL_COOKIE SHADOWS_SCREEN ok=1
Cmd: compileSnippet
  api=0 type=0 insize=816 outsize=5560 kw=POINT SHADOWS_CUBE ok=1
Cmd: compileSnippet
  api=4 type=0 insize=816 outsize=5182 kw=POINT SHADOWS_CUBE ok=1
Cmd: compileSnippet
  api=0 type=0 insize=816 outsize=5692 kw=POINT_COOKIE SHADOWS_CUBE ok=1
Cmd: compileSnippet
  api=4 type=0 insize=816 outsize=5182 kw=POINT_COOKIE SHADOWS_CUBE ok=1
Cmd: compileSnippet
  api=8 type=0 insize=816 outsize=7142 kw=DIRECTIONAL SHADOWS_SCREEN SHADOWS_NATIVE ok=1
Cmd: compileSnippet
  api=8 type=0 insize=816 outsize=7703 kw=DIRECTIONAL_COOKIE SHADOWS_SCREEN SHADOWS_NATIVE ok=1
Cmd: compileSnippet
  api=1 type=1 insize=816 outsize=787 kw=POINT SHADOWS_OFF ok=1
Cmd: compileSnippet
  api=8 type=1 insize=816 outsize=4388 kw=POINT SHADOWS_OFF ok=1
Cmd: compileSnippet
  api=8 type=1 insize=816 outsize=3892 kw=DIRECTIONAL SHADOWS_OFF ok=1
Cmd: compileSnippet
  api=4 type=1 insize=816 outsize=3394 kw=SPOT SHADOWS_OFF ok=1
Cmd: compileSnippet
  api=8 type=1 insize=816 outsize=5086 kw=SPOT SHADOWS_OFF ok=1
Cmd: compileSnippet
  api=4 type=1 insize=816 outsize=3086 kw=POINT_COOKIE SHADOWS_OFF ok=1
Cmd: compileSnippet
  api=0 type=1 insize=816 outsize=6 kw=DIRECTIONAL_COOKIE SHADOWS_OFF ok=1
Cmd: compileSnippet
  api=1 type=1 insize=816 outsize=788 kw=DIRECTIONAL_COOKIE SHADOWS_OFF ok=1
Cmd: compileSnippet
  api=8 type=1 insize=816 outsize=4274 kw=DIRECTIONAL_COOKIE SHADOWS_OFF ok=1
Cmd: compileSnippet
  api=4 type=1 insize=816 outsize=3914 kw=SPOT SHADOWS_DEPTH SHADOWS_NATIVE ok=1
Cmd: compileSnippet
  api=0 type=1 insize=816 outsize=6 kw=DIRECTIONAL SHADOWS_SCREEN ok=1
Cmd: compileSnippet
  api=1 type=1 insize=816 outsize=789 kw=DIRECTIONAL SHADOWS_SCREEN ok=1
Cmd: compileSnippet
  api=4 type=1 insize=816 outsize=2899 kw=DIRECTIONAL SHADOWS_SCREEN ok=1
Cmd: compileSnippet
  api=0 type=1 insize=816 outsize=6 kw=DIRECTIONAL_COOKIE SHADOWS_SCREEN ok=1
Cmd: compileSnippet
  api=1 type=1 insize=816 outsize=850 kw=DIRECTIONAL_COOKIE SHADOWS_SCREEN ok=1
Cmd: compileSnippet
  api=0 type=1 insize=816 outsize=6 kw=POINT SHADOWS_CUBE ok=1
Cmd: compileSnippet
  api=1 type=1 insize=816 outsize=984 kw=POINT SHADOWS_CUBE ok=1
Cmd: compileSnippet
  api=8 type=1 insize=816 outsize=5460 kw=POINT SHADOWS_CUBE ok=1
Cmd: compileSnippet
  api=4 type=1 insize=816 outsize=3768 kw=POINT_COOKIE SHADOWS_CUBE ok=1
Cmd: compileSnippet
  api=8 type=1 insize=816 outsize=4607 kw=DIRECTIONAL SHADOWS_SCREEN SHADOWS_NATIVE ok=1
Cmd: compileSnippet
  api=1 type=0 insize=600 outsize=832 kw=SHADOWS_DEPTH ok=1
Cmd: compileSnippet
  api=4 type=0 insize=600 outsize=3533 kw=SHADOWS_DEPTH ok=1
Cmd: compileSnippet
  api=0 type=0 insize=600 outsize=487 kw=SHADOWS_CUBE ok=1
Cmd: compileSnippet
  api=1 type=0 insize=600 outsize=172 kw=SHADOWS_CUBE ok=1
Cmd: compileSnippet
  api=4 type=0 insize=600 outsize=1420 kw=SHADOWS_CUBE ok=1
Cmd: compileSnippet
  api=1 type=1 insize=600 outsize=67 kw=SHADOWS_DEPTH ok=1
Cmd: compileSnippet
  api=8 type=1 insize=600 outsize=601 kw=SHADOWS_DEPTH ok=1
Cmd: compileSnippet
  api=4 type=1 insize=600 outsize=624 kw=SHADOWS_CUBE ok=1
Unhandled exception: Readfile from pipe failed. GLE=The pipe has been ended.


Quitting shader compiler process
